INFO:root:###########################################
INFO:root:experiment_name: pip_32_16_60_r50_l2_l1_10_1_nb10
INFO:root:data_name: WFLW
INFO:root:det_head: pip
INFO:root:net_stride: 32
INFO:root:batch_size: 32
INFO:root:init_lr: 0.0001
INFO:root:num_epochs: 100
INFO:root:decay_steps: [30, 50]
INFO:root:input_size: 256
INFO:root:backbone: resnet50
INFO:root:pretrained: True
INFO:root:criterion_cls: l2
INFO:root:criterion_reg: l1
INFO:root:cls_loss_weight: 10
INFO:root:reg_loss_weight: 1
INFO:root:num_lms: 98
INFO:root:save_interval: 10
INFO:root:num_nb: 10
INFO:root:use_gpu: True
INFO:root:gpu_id: 0
INFO:root:###########################################
INFO:root:###########################################
INFO:root:experiment_name: pip_32_16_60_r50_l2_l1_10_1_nb10
INFO:root:data_name: WFLW
INFO:root:det_head: pip
INFO:root:net_stride: 32
INFO:root:batch_size: 16
INFO:root:init_lr: 0.0001
INFO:root:num_epochs: 100
INFO:root:decay_steps: [30, 50]
INFO:root:input_size: 256
INFO:root:backbone: resnet50
INFO:root:pretrained: True
INFO:root:criterion_cls: l2
INFO:root:criterion_reg: l1
INFO:root:cls_loss_weight: 10
INFO:root:reg_loss_weight: 1
INFO:root:num_lms: 98
INFO:root:save_interval: 10
INFO:root:num_nb: 10
INFO:root:use_gpu: True
INFO:root:gpu_id: 0
INFO:root:###########################################
INFO:root:[Epoch 0/99, Batch 0/467] <Total loss: 2.511819> <map loss: 0.169999> <x loss: 0.501638> <y loss: 0.498586> <nbx loss: 0.688777> <nby loss: 0.652819>
INFO:root:[Epoch 0/99, Batch 10/467] <Total loss: 1.419578> <map loss: 0.158042> <x loss: 0.283602> <y loss: 0.272883> <nbx loss: 0.373946> <nby loss: 0.331104>
INFO:root:[Epoch 0/99, Batch 20/467] <Total loss: 1.223572> <map loss: 0.152406> <x loss: 0.251331> <y loss: 0.235985> <nbx loss: 0.314965> <nby loss: 0.268885>
INFO:root:[Epoch 0/99, Batch 30/467] <Total loss: 1.208923> <map loss: 0.145747> <x loss: 0.243203> <y loss: 0.226027> <nbx loss: 0.319960> <nby loss: 0.273986>
INFO:root:[Epoch 0/99, Batch 40/467] <Total loss: 1.135650> <map loss: 0.140934> <x loss: 0.235764> <y loss: 0.194020> <nbx loss: 0.312576> <nby loss: 0.252356>
INFO:root:[Epoch 0/99, Batch 50/467] <Total loss: 1.025895> <map loss: 0.132294> <x loss: 0.218841> <y loss: 0.176660> <nbx loss: 0.282340> <nby loss: 0.215760>
INFO:root:[Epoch 0/99, Batch 60/467] <Total loss: 1.014895> <map loss: 0.126345> <x loss: 0.203426> <y loss: 0.188441> <nbx loss: 0.276626> <nby loss: 0.220058>
INFO:root:[Epoch 0/99, Batch 70/467] <Total loss: 0.875184> <map loss: 0.117251> <x loss: 0.173846> <y loss: 0.147233> <nbx loss: 0.241261> <nby loss: 0.195593>
INFO:root:[Epoch 0/99, Batch 80/467] <Total loss: 0.818499> <map loss: 0.109870> <x loss: 0.162455> <y loss: 0.152537> <nbx loss: 0.211016> <nby loss: 0.182622>
INFO:root:[Epoch 0/99, Batch 90/467] <Total loss: 0.771916> <map loss: 0.104063> <x loss: 0.165943> <y loss: 0.138375> <nbx loss: 0.195020> <nby loss: 0.168515>
INFO:root:[Epoch 0/99, Batch 100/467] <Total loss: 0.730410> <map loss: 0.102526> <x loss: 0.153704> <y loss: 0.133397> <nbx loss: 0.187848> <nby loss: 0.152936>
INFO:root:[Epoch 0/99, Batch 110/467] <Total loss: 0.775817> <map loss: 0.099061> <x loss: 0.165518> <y loss: 0.134470> <nbx loss: 0.219647> <nby loss: 0.157121>
INFO:root:[Epoch 0/99, Batch 120/467] <Total loss: 0.757169> <map loss: 0.098231> <x loss: 0.155520> <y loss: 0.144884> <nbx loss: 0.193873> <nby loss: 0.164662>
INFO:root:[Epoch 0/99, Batch 130/467] <Total loss: 0.631989> <map loss: 0.085008> <x loss: 0.124987> <y loss: 0.123166> <nbx loss: 0.152384> <nby loss: 0.146444>
INFO:root:[Epoch 0/99, Batch 140/467] <Total loss: 0.671582> <map loss: 0.090147> <x loss: 0.129691> <y loss: 0.139795> <nbx loss: 0.149494> <nby loss: 0.162456>
INFO:root:[Epoch 0/99, Batch 150/467] <Total loss: 0.686560> <map loss: 0.089163> <x loss: 0.139672> <y loss: 0.137775> <nbx loss: 0.161429> <nby loss: 0.158522>
INFO:root:[Epoch 0/99, Batch 160/467] <Total loss: 0.601809> <map loss: 0.081774> <x loss: 0.129486> <y loss: 0.112383> <nbx loss: 0.148376> <nby loss: 0.129789>
INFO:root:[Epoch 0/99, Batch 170/467] <Total loss: 0.648207> <map loss: 0.081146> <x loss: 0.134077> <y loss: 0.129863> <nbx loss: 0.153939> <nby loss: 0.149182>
INFO:root:[Epoch 0/99, Batch 180/467] <Total loss: 0.669836> <map loss: 0.087587> <x loss: 0.144570> <y loss: 0.122448> <nbx loss: 0.175289> <nby loss: 0.139942>
INFO:root:[Epoch 0/99, Batch 190/467] <Total loss: 0.613292> <map loss: 0.082320> <x loss: 0.136619> <y loss: 0.108765> <nbx loss: 0.162624> <nby loss: 0.122964>
INFO:root:[Epoch 0/99, Batch 200/467] <Total loss: 0.621777> <map loss: 0.081027> <x loss: 0.135448> <y loss: 0.115222> <nbx loss: 0.160081> <nby loss: 0.129999>
INFO:root:[Epoch 0/99, Batch 210/467] <Total loss: 0.567992> <map loss: 0.075572> <x loss: 0.129853> <y loss: 0.102783> <nbx loss: 0.147564> <nby loss: 0.112220>
INFO:root:[Epoch 0/99, Batch 220/467] <Total loss: 0.653828> <map loss: 0.082462> <x loss: 0.131970> <y loss: 0.133232> <nbx loss: 0.157872> <nby loss: 0.148292>
INFO:root:[Epoch 0/99, Batch 230/467] <Total loss: 0.641144> <map loss: 0.081940> <x loss: 0.128564> <y loss: 0.128774> <nbx loss: 0.154748> <nby loss: 0.147118>
INFO:root:[Epoch 0/99, Batch 240/467] <Total loss: 0.603998> <map loss: 0.078158> <x loss: 0.123730> <y loss: 0.118286> <nbx loss: 0.148709> <nby loss: 0.135115>
INFO:root:[Epoch 0/99, Batch 250/467] <Total loss: 0.715691> <map loss: 0.087575> <x loss: 0.152840> <y loss: 0.138321> <nbx loss: 0.183415> <nby loss: 0.153540>
INFO:root:[Epoch 0/99, Batch 260/467] <Total loss: 0.654936> <map loss: 0.080614> <x loss: 0.142801> <y loss: 0.125239> <nbx loss: 0.163842> <nby loss: 0.142439>
INFO:root:[Epoch 0/99, Batch 270/467] <Total loss: 0.597384> <map loss: 0.074544> <x loss: 0.127808> <y loss: 0.117818> <nbx loss: 0.140465> <nby loss: 0.136748>
INFO:root:[Epoch 0/99, Batch 280/467] <Total loss: 0.527333> <map loss: 0.070082> <x loss: 0.117658> <y loss: 0.099540> <nbx loss: 0.133584> <nby loss: 0.106469>
INFO:root:[Epoch 0/99, Batch 290/467] <Total loss: 0.513221> <map loss: 0.067314> <x loss: 0.112827> <y loss: 0.099369> <nbx loss: 0.125780> <nby loss: 0.107930>
INFO:root:[Epoch 0/99, Batch 300/467] <Total loss: 0.536915> <map loss: 0.069109> <x loss: 0.113431> <y loss: 0.108861> <nbx loss: 0.129593> <nby loss: 0.115920>
INFO:root:[Epoch 0/99, Batch 310/467] <Total loss: 0.583703> <map loss: 0.073976> <x loss: 0.121988> <y loss: 0.114409> <nbx loss: 0.149378> <nby loss: 0.123951>
INFO:root:[Epoch 0/99, Batch 320/467] <Total loss: 0.542940> <map loss: 0.070413> <x loss: 0.117409> <y loss: 0.111045> <nbx loss: 0.124208> <nby loss: 0.119865>
INFO:root:[Epoch 0/99, Batch 330/467] <Total loss: 0.522452> <map loss: 0.071622> <x loss: 0.109797> <y loss: 0.100664> <nbx loss: 0.126767> <nby loss: 0.113603>
INFO:root:[Epoch 0/99, Batch 340/467] <Total loss: 0.546471> <map loss: 0.070286> <x loss: 0.112897> <y loss: 0.109673> <nbx loss: 0.131960> <nby loss: 0.121656>
INFO:root:[Epoch 0/99, Batch 350/467] <Total loss: 0.607163> <map loss: 0.074788> <x loss: 0.128785> <y loss: 0.121997> <nbx loss: 0.147641> <nby loss: 0.133952>
INFO:root:[Epoch 0/99, Batch 360/467] <Total loss: 0.612957> <map loss: 0.077065> <x loss: 0.124744> <y loss: 0.125406> <nbx loss: 0.148657> <nby loss: 0.137084>
INFO:root:[Epoch 0/99, Batch 370/467] <Total loss: 0.493314> <map loss: 0.065176> <x loss: 0.108261> <y loss: 0.096834> <nbx loss: 0.118472> <nby loss: 0.104572>
INFO:root:[Epoch 0/99, Batch 380/467] <Total loss: 0.551226> <map loss: 0.071051> <x loss: 0.114906> <y loss: 0.109507> <nbx loss: 0.133530> <nby loss: 0.122233>
INFO:root:[Epoch 0/99, Batch 390/467] <Total loss: 0.535515> <map loss: 0.067168> <x loss: 0.119079> <y loss: 0.105452> <nbx loss: 0.133823> <nby loss: 0.109992>
INFO:root:[Epoch 0/99, Batch 400/467] <Total loss: 0.505925> <map loss: 0.064736> <x loss: 0.106310> <y loss: 0.102045> <nbx loss: 0.122119> <nby loss: 0.110715>
INFO:root:[Epoch 0/99, Batch 410/467] <Total loss: 0.494670> <map loss: 0.065218> <x loss: 0.106516> <y loss: 0.094408> <nbx loss: 0.121102> <nby loss: 0.107425>
INFO:root:[Epoch 0/99, Batch 420/467] <Total loss: 0.542706> <map loss: 0.071224> <x loss: 0.119267> <y loss: 0.102348> <nbx loss: 0.136252> <nby loss: 0.113616>
INFO:root:[Epoch 0/99, Batch 430/467] <Total loss: 0.555462> <map loss: 0.068832> <x loss: 0.124638> <y loss: 0.105883> <nbx loss: 0.140425> <nby loss: 0.115684>
INFO:root:[Epoch 0/99, Batch 440/467] <Total loss: 0.601890> <map loss: 0.077247> <x loss: 0.132049> <y loss: 0.116127> <nbx loss: 0.144477> <nby loss: 0.131990>
INFO:root:[Epoch 0/99, Batch 450/467] <Total loss: 0.619361> <map loss: 0.075055> <x loss: 0.128300> <y loss: 0.125335> <nbx loss: 0.152403> <nby loss: 0.138267>
INFO:root:[Epoch 0/99, Batch 460/467] <Total loss: 0.603879> <map loss: 0.075603> <x loss: 0.127809> <y loss: 0.117207> <nbx loss: 0.155955> <nby loss: 0.127305>
INFO:root:[Epoch 0/99] <Epoch loss: 0.707462>
INFO:root:[Epoch 1/99, Batch 0/467] <Total loss: 0.511035> <map loss: 0.066725> <x loss: 0.113580> <y loss: 0.096425> <nbx loss: 0.128328> <nby loss: 0.105977>
INFO:root:[Epoch 1/99, Batch 10/467] <Total loss: 0.542197> <map loss: 0.068912> <x loss: 0.122318> <y loss: 0.099273> <nbx loss: 0.143303> <nby loss: 0.108391>
INFO:root:[Epoch 1/99, Batch 20/467] <Total loss: 0.574093> <map loss: 0.069449> <x loss: 0.132841> <y loss: 0.099662> <nbx loss: 0.157983> <nby loss: 0.114157>
INFO:root:[Epoch 1/99, Batch 30/467] <Total loss: 0.596230> <map loss: 0.072462> <x loss: 0.133167> <y loss: 0.114321> <nbx loss: 0.153405> <nby loss: 0.122875>
INFO:root:[Epoch 1/99, Batch 40/467] <Total loss: 0.618193> <map loss: 0.079703> <x loss: 0.131030> <y loss: 0.118819> <nbx loss: 0.159591> <nby loss: 0.129051>
INFO:root:[Epoch 1/99, Batch 50/467] <Total loss: 0.520187> <map loss: 0.063995> <x loss: 0.115445> <y loss: 0.101721> <nbx loss: 0.129899> <nby loss: 0.109127>
INFO:root:[Epoch 1/99, Batch 60/467] <Total loss: 0.496764> <map loss: 0.062862> <x loss: 0.108865> <y loss: 0.096264> <nbx loss: 0.124813> <nby loss: 0.103960>
INFO:root:[Epoch 1/99, Batch 70/467] <Total loss: 0.494791> <map loss: 0.062840> <x loss: 0.109724> <y loss: 0.095454> <nbx loss: 0.124189> <nby loss: 0.102583>
INFO:root:[Epoch 1/99, Batch 80/467] <Total loss: 0.502796> <map loss: 0.062533> <x loss: 0.116658> <y loss: 0.091123> <nbx loss: 0.132458> <nby loss: 0.100023>
INFO:root:[Epoch 1/99, Batch 90/467] <Total loss: 0.466956> <map loss: 0.056955> <x loss: 0.110100> <y loss: 0.088441> <nbx loss: 0.118642> <nby loss: 0.092819>
INFO:root:[Epoch 1/99, Batch 100/467] <Total loss: 0.526569> <map loss: 0.064702> <x loss: 0.111777> <y loss: 0.108309> <nbx loss: 0.125073> <nby loss: 0.116708>
INFO:root:[Epoch 1/99, Batch 110/467] <Total loss: 0.525359> <map loss: 0.066860> <x loss: 0.111205> <y loss: 0.103838> <nbx loss: 0.127907> <nby loss: 0.115549>
INFO:root:[Epoch 1/99, Batch 120/467] <Total loss: 0.525007> <map loss: 0.065388> <x loss: 0.113904> <y loss: 0.101423> <nbx loss: 0.129768> <nby loss: 0.114524>
INFO:root:[Epoch 1/99, Batch 130/467] <Total loss: 0.541295> <map loss: 0.064643> <x loss: 0.114039> <y loss: 0.112200> <nbx loss: 0.128572> <nby loss: 0.121841>
INFO:root:[Epoch 1/99, Batch 140/467] <Total loss: 0.640509> <map loss: 0.073439> <x loss: 0.140604> <y loss: 0.122364> <nbx loss: 0.166215> <nby loss: 0.137887>
INFO:root:[Epoch 1/99, Batch 150/467] <Total loss: 0.556249> <map loss: 0.069541> <x loss: 0.113654> <y loss: 0.113490> <nbx loss: 0.131573> <nby loss: 0.127991>
INFO:root:[Epoch 1/99, Batch 160/467] <Total loss: 0.506278> <map loss: 0.067162> <x loss: 0.104505> <y loss: 0.098610> <nbx loss: 0.121677> <nby loss: 0.114324>
INFO:root:[Epoch 1/99, Batch 170/467] <Total loss: 0.481244> <map loss: 0.058135> <x loss: 0.105125> <y loss: 0.093416> <nbx loss: 0.120755> <nby loss: 0.103813>
INFO:root:[Epoch 1/99, Batch 180/467] <Total loss: 0.531209> <map loss: 0.064092> <x loss: 0.118455> <y loss: 0.097568> <nbx loss: 0.142329> <nby loss: 0.108765>
INFO:root:[Epoch 1/99, Batch 190/467] <Total loss: 0.467795> <map loss: 0.059142> <x loss: 0.108142> <y loss: 0.088613> <nbx loss: 0.117715> <nby loss: 0.094183>
INFO:root:[Epoch 1/99, Batch 200/467] <Total loss: 0.455108> <map loss: 0.059336> <x loss: 0.098819> <y loss: 0.089645> <nbx loss: 0.111578> <nby loss: 0.095731>
INFO:root:[Epoch 1/99, Batch 210/467] <Total loss: 0.483209> <map loss: 0.059978> <x loss: 0.104514> <y loss: 0.096628> <nbx loss: 0.118608> <nby loss: 0.103480>
INFO:root:[Epoch 1/99, Batch 220/467] <Total loss: 0.494303> <map loss: 0.061015> <x loss: 0.111492> <y loss: 0.094109> <nbx loss: 0.128198> <nby loss: 0.099489>
INFO:root:[Epoch 1/99, Batch 230/467] <Total loss: 0.550991> <map loss: 0.067942> <x loss: 0.123984> <y loss: 0.104550> <nbx loss: 0.145185> <nby loss: 0.109331>
INFO:root:[Epoch 1/99, Batch 240/467] <Total loss: 0.546377> <map loss: 0.072539> <x loss: 0.117360> <y loss: 0.105930> <nbx loss: 0.133045> <nby loss: 0.117503>
INFO:root:[Epoch 1/99, Batch 250/467] <Total loss: 0.436573> <map loss: 0.055919> <x loss: 0.102302> <y loss: 0.079989> <nbx loss: 0.112343> <nby loss: 0.086020>
INFO:root:[Epoch 1/99, Batch 260/467] <Total loss: 0.471507> <map loss: 0.058098> <x loss: 0.099254> <y loss: 0.097101> <nbx loss: 0.109385> <nby loss: 0.107669>
INFO:root:[Epoch 1/99, Batch 270/467] <Total loss: 0.530051> <map loss: 0.068506> <x loss: 0.115695> <y loss: 0.102069> <nbx loss: 0.130212> <nby loss: 0.113569>
INFO:root:[Epoch 1/99, Batch 280/467] <Total loss: 0.518919> <map loss: 0.064883> <x loss: 0.114719> <y loss: 0.098485> <nbx loss: 0.128795> <nby loss: 0.112036>
INFO:root:[Epoch 1/99, Batch 290/467] <Total loss: 0.454526> <map loss: 0.056954> <x loss: 0.102558> <y loss: 0.090998> <nbx loss: 0.111262> <nby loss: 0.092755>
INFO:root:[Epoch 1/99, Batch 300/467] <Total loss: 0.502085> <map loss: 0.062136> <x loss: 0.112613> <y loss: 0.094341> <nbx loss: 0.128601> <nby loss: 0.104393>
INFO:root:[Epoch 1/99, Batch 310/467] <Total loss: 0.470304> <map loss: 0.056291> <x loss: 0.108760> <y loss: 0.090436> <nbx loss: 0.118515> <nby loss: 0.096303>
INFO:root:[Epoch 1/99, Batch 320/467] <Total loss: 0.503106> <map loss: 0.061256> <x loss: 0.111332> <y loss: 0.096760> <nbx loss: 0.127254> <nby loss: 0.106504>
INFO:root:[Epoch 1/99, Batch 330/467] <Total loss: 0.479442> <map loss: 0.059002> <x loss: 0.105273> <y loss: 0.094555> <nbx loss: 0.117194> <nby loss: 0.103418>
INFO:root:[Epoch 1/99, Batch 340/467] <Total loss: 0.630297> <map loss: 0.072391> <x loss: 0.139265> <y loss: 0.121841> <nbx loss: 0.161355> <nby loss: 0.135446>
INFO:root:[Epoch 1/99, Batch 350/467] <Total loss: 0.540655> <map loss: 0.064643> <x loss: 0.126292> <y loss: 0.098336> <nbx loss: 0.142692> <nby loss: 0.108691>
INFO:root:[Epoch 1/99, Batch 360/467] <Total loss: 0.487934> <map loss: 0.061207> <x loss: 0.111160> <y loss: 0.092981> <nbx loss: 0.120715> <nby loss: 0.101871>
INFO:root:[Epoch 1/99, Batch 370/467] <Total loss: 0.428248> <map loss: 0.054365> <x loss: 0.092746> <y loss: 0.085997> <nbx loss: 0.104267> <nby loss: 0.090873>
INFO:root:[Epoch 1/99, Batch 380/467] <Total loss: 0.469361> <map loss: 0.056644> <x loss: 0.107712> <y loss: 0.086255> <nbx loss: 0.126648> <nby loss: 0.092102>
INFO:root:[Epoch 1/99, Batch 390/467] <Total loss: 0.455562> <map loss: 0.057438> <x loss: 0.099408> <y loss: 0.091262> <nbx loss: 0.112074> <nby loss: 0.095381>
INFO:root:[Epoch 1/99, Batch 400/467] <Total loss: 0.480782> <map loss: 0.058715> <x loss: 0.108067> <y loss: 0.091344> <nbx loss: 0.123709> <nby loss: 0.098946>
INFO:root:[Epoch 1/99, Batch 410/467] <Total loss: 0.423566> <map loss: 0.053627> <x loss: 0.095713> <y loss: 0.081737> <nbx loss: 0.106348> <nby loss: 0.086140>
INFO:root:[Epoch 1/99, Batch 420/467] <Total loss: 0.441676> <map loss: 0.055231> <x loss: 0.098056> <y loss: 0.087017> <nbx loss: 0.109482> <nby loss: 0.091890>
INFO:root:[Epoch 1/99, Batch 430/467] <Total loss: 0.503100> <map loss: 0.063185> <x loss: 0.104205> <y loss: 0.103566> <nbx loss: 0.119065> <nby loss: 0.113080>
INFO:root:[Epoch 1/99, Batch 440/467] <Total loss: 0.521235> <map loss: 0.061572> <x loss: 0.109905> <y loss: 0.108821> <nbx loss: 0.124123> <nby loss: 0.116814>
INFO:root:[Epoch 1/99, Batch 450/467] <Total loss: 0.486661> <map loss: 0.058543> <x loss: 0.104853> <y loss: 0.095981> <nbx loss: 0.120482> <nby loss: 0.106802>
INFO:root:[Epoch 1/99, Batch 460/467] <Total loss: 0.525999> <map loss: 0.062641> <x loss: 0.121104> <y loss: 0.096627> <nbx loss: 0.138783> <nby loss: 0.106844>
INFO:root:[Epoch 1/99] <Epoch loss: 0.512615>
INFO:root:[Epoch 2/99, Batch 0/467] <Total loss: 0.501191> <map loss: 0.058446> <x loss: 0.112122> <y loss: 0.097370> <nbx loss: 0.126267> <nby loss: 0.106987>
INFO:root:[Epoch 2/99, Batch 10/467] <Total loss: 0.480533> <map loss: 0.058185> <x loss: 0.108843> <y loss: 0.090695> <nbx loss: 0.123068> <nby loss: 0.099742>
INFO:root:[Epoch 2/99, Batch 20/467] <Total loss: 0.424965> <map loss: 0.053701> <x loss: 0.098360> <y loss: 0.080464> <nbx loss: 0.109604> <nby loss: 0.082837>
INFO:root:[Epoch 2/99, Batch 30/467] <Total loss: 0.453347> <map loss: 0.054514> <x loss: 0.109428> <y loss: 0.081942> <nbx loss: 0.120159> <nby loss: 0.087304>
INFO:root:[Epoch 2/99, Batch 40/467] <Total loss: 0.483593> <map loss: 0.060850> <x loss: 0.110524> <y loss: 0.091407> <nbx loss: 0.123874> <nby loss: 0.096938>
INFO:root:[Epoch 2/99, Batch 50/467] <Total loss: 0.480116> <map loss: 0.057960> <x loss: 0.106580> <y loss: 0.092861> <nbx loss: 0.121815> <nby loss: 0.100900>
INFO:root:[Epoch 2/99, Batch 60/467] <Total loss: 0.449713> <map loss: 0.056025> <x loss: 0.100854> <y loss: 0.084463> <nbx loss: 0.118075> <nby loss: 0.090296>
INFO:root:[Epoch 2/99, Batch 70/467] <Total loss: 0.528569> <map loss: 0.063170> <x loss: 0.113022> <y loss: 0.106237> <nbx loss: 0.128279> <nby loss: 0.117862>
INFO:root:[Epoch 2/99, Batch 80/467] <Total loss: 0.587166> <map loss: 0.066933> <x loss: 0.132567> <y loss: 0.111529> <nbx loss: 0.149963> <nby loss: 0.126174>
INFO:root:[Epoch 2/99, Batch 90/467] <Total loss: 0.474421> <map loss: 0.061910> <x loss: 0.099947> <y loss: 0.094039> <nbx loss: 0.115414> <nby loss: 0.103111>
INFO:root:[Epoch 2/99, Batch 100/467] <Total loss: 0.467704> <map loss: 0.059110> <x loss: 0.100304> <y loss: 0.095961> <nbx loss: 0.112964> <nby loss: 0.099365>
INFO:root:[Epoch 2/99, Batch 110/467] <Total loss: 0.473336> <map loss: 0.057807> <x loss: 0.108611> <y loss: 0.087577> <nbx loss: 0.122165> <nby loss: 0.097178>
INFO:root:[Epoch 2/99, Batch 120/467] <Total loss: 0.444027> <map loss: 0.056642> <x loss: 0.096881> <y loss: 0.086925> <nbx loss: 0.111461> <nby loss: 0.092119>
INFO:root:[Epoch 2/99, Batch 130/467] <Total loss: 0.517299> <map loss: 0.062908> <x loss: 0.106943> <y loss: 0.104636> <nbx loss: 0.122868> <nby loss: 0.119943>
INFO:root:[Epoch 2/99, Batch 140/467] <Total loss: 0.481831> <map loss: 0.061973> <x loss: 0.102172> <y loss: 0.095202> <nbx loss: 0.120129> <nby loss: 0.102354>
INFO:root:[Epoch 2/99, Batch 150/467] <Total loss: 0.533651> <map loss: 0.064633> <x loss: 0.117119> <y loss: 0.105166> <nbx loss: 0.132169> <nby loss: 0.114564>
INFO:root:[Epoch 2/99, Batch 160/467] <Total loss: 0.469313> <map loss: 0.055576> <x loss: 0.102009> <y loss: 0.095861> <nbx loss: 0.113185> <nby loss: 0.102681>
INFO:root:[Epoch 2/99, Batch 170/467] <Total loss: 0.442931> <map loss: 0.056164> <x loss: 0.097975> <y loss: 0.087351> <nbx loss: 0.108295> <nby loss: 0.093146>
INFO:root:[Epoch 2/99, Batch 180/467] <Total loss: 0.440749> <map loss: 0.055763> <x loss: 0.097260> <y loss: 0.088731> <nbx loss: 0.107772> <nby loss: 0.091223>
INFO:root:[Epoch 2/99, Batch 190/467] <Total loss: 0.471633> <map loss: 0.060534> <x loss: 0.100801> <y loss: 0.097603> <nbx loss: 0.110759> <nby loss: 0.101936>
INFO:root:[Epoch 2/99, Batch 200/467] <Total loss: 0.489083> <map loss: 0.060349> <x loss: 0.107909> <y loss: 0.096663> <nbx loss: 0.122166> <nby loss: 0.101995>
INFO:root:[Epoch 2/99, Batch 210/467] <Total loss: 0.613983> <map loss: 0.070321> <x loss: 0.129024> <y loss: 0.121046> <nbx loss: 0.158207> <nby loss: 0.135384>
INFO:root:[Epoch 2/99, Batch 220/467] <Total loss: 0.414292> <map loss: 0.053554> <x loss: 0.090107> <y loss: 0.081696> <nbx loss: 0.101981> <nby loss: 0.086954>
INFO:root:[Epoch 2/99, Batch 230/467] <Total loss: 0.427646> <map loss: 0.053425> <x loss: 0.099649> <y loss: 0.083229> <nbx loss: 0.106182> <nby loss: 0.085161>
INFO:root:[Epoch 2/99, Batch 240/467] <Total loss: 0.425048> <map loss: 0.054819> <x loss: 0.093383> <y loss: 0.080539> <nbx loss: 0.110821> <nby loss: 0.085487>
INFO:root:[Epoch 2/99, Batch 250/467] <Total loss: 0.625307> <map loss: 0.067623> <x loss: 0.118816> <y loss: 0.136756> <nbx loss: 0.147340> <nby loss: 0.154771>
INFO:root:[Epoch 2/99, Batch 260/467] <Total loss: 0.517597> <map loss: 0.064392> <x loss: 0.112508> <y loss: 0.099981> <nbx loss: 0.129582> <nby loss: 0.111134>
